Performing C SOURCE FILE Test CMAKE_HAVE_LIBC_PTHREAD failed with the following output:
Change Dir: /home/pi/Github/low-latency-trading-system/build/CMakeFiles/CMakeTmp

Run Build Command(s):/usr/bin/ninja cmTC_bd1c0 && [1/2] Building C object CMakeFiles/cmTC_bd1c0.dir/src.c.o
[2/2] Linking C executable cmTC_bd1c0
FAILED: cmTC_bd1c0 
: && /usr/bin/arm-linux-gnueabihf-gcc -DCMAKE_HAVE_LIBC_PTHREAD -rdynamic CMakeFiles/cmTC_bd1c0.dir/src.c.o -o cmTC_bd1c0   && :
/usr/bin/ld: CMakeFiles/cmTC_bd1c0.dir/src.c.o: in function `main':
src.c:(.text+0x40): undefined reference to `pthread_create'
/usr/bin/ld: src.c:(.text+0x4c): undefined reference to `pthread_detach'
/usr/bin/ld: src.c:(.text+0x58): undefined reference to `pthread_cancel'
/usr/bin/ld: src.c:(.text+0x68): undefined reference to `pthread_join'
collect2: error: ld returned 1 exit status
ninja: build stopped: subcommand failed.


Source file was:
#include <pthread.h>

void* test_func(void* data)
{
  return data;
}

int main(void)
{
  pthread_t thread;
  pthread_create(&thread, NULL, test_func, NULL);
  pthread_detach(thread);
  pthread_cancel(thread);
  pthread_join(thread, NULL);
  pthread_atfork(NULL, NULL, NULL);
  pthread_exit(NULL);

  return 0;
}

Determining if the function pthread_create exists in the pthreads failed with the following output:
Change Dir: /home/pi/Github/low-latency-trading-system/build/CMakeFiles/CMakeTmp

Run Build Command(s):/usr/bin/ninja cmTC_25b93 && [1/2] Building C object CMakeFiles/cmTC_25b93.dir/CheckFunctionExists.c.o
[2/2] Linking C executable cmTC_25b93
FAILED: cmTC_25b93 
: && /usr/bin/arm-linux-gnueabihf-gcc -DCHECK_FUNCTION_EXISTS=pthread_create -rdynamic CMakeFiles/cmTC_25b93.dir/CheckFunctionExists.c.o -o cmTC_25b93  -lpthreads && :
/usr/bin/ld: cannot find -lpthreads
collect2: error: ld returned 1 exit status
ninja: build stopped: subcommand failed.



